#-----------------------------------------------------------
# Vivado v2020.2 (64-bit)
# SW Build 3064766 on Wed Nov 18 09:12:45 MST 2020
# IP Build 3064653 on Wed Nov 18 14:17:31 MST 2020
# Start of session at: Tue Nov 23 07:31:32 2021
# Process ID: 9124
# Current directory: C:/Users/fowlersp/Documents/ECE_211/final_project
# Command line: vivado.exe -gui_launcher_event rodinguilauncherevent4336 C:\Users\fowlersp\Documents\ECE_211\final_project\final_project.xpr
# Log file: C:/Users/fowlersp/Documents/ECE_211/final_project/vivado.log
# Journal file: C:/Users/fowlersp/Documents/ECE_211/final_project\vivado.jou
#-----------------------------------------------------------
start_gui
open_project C:/Users/fowlersp/Documents/ECE_211/final_project/final_project.xpr
WARNING: [filemgmt 56-3] Default IP Output Path : Could not find the directory 'C:/Users/fowlersp/Documents/ECE_211/final_project/final_project.gen/sources_1'.
Scanning sources...
Finished scanning sources
INFO: [IP_Flow 19-234] Refreshing IP repositories
INFO: [IP_Flow 19-1704] No user IP repositories specified
INFO: [IP_Flow 19-2313] Loaded Vivado IP repository 'C:/Xilinx/Vivado/2020.2/data/ip'.
open_project: Time (s): cpu = 00:00:19 ; elapsed = 00:00:13 . Memory (MB): peak = 1079.980 ; gain = 0.000
update_compile_order -fileset sources_1
close [ open C:/Users/fowlersp/Documents/ECE_211/final_project/RTL/rgb_control.sv w ]
add_files C:/Users/fowlersp/Documents/ECE_211/final_project/RTL/rgb_control.sv
update_compile_order -fileset sources_1
close [ open C:/Users/fowlersp/Documents/ECE_211/final_project/RTL/random_wait.sv w ]
add_files C:/Users/fowlersp/Documents/ECE_211/final_project/RTL/random_wait.sv
close [ open C:/Users/fowlersp/Documents/ECE_211/final_project/RTL/reaction_fsm.v w ]
add_files C:/Users/fowlersp/Documents/ECE_211/final_project/RTL/reaction_fsm.v
close [ open C:/Users/fowlersp/Documents/ECE_211/final_project/RTL/time_count.sv w ]
add_files C:/Users/fowlersp/Documents/ECE_211/final_project/RTL/time_count.sv
update_compile_order -fileset sources_1
export_ip_user_files -of_objects  [get_files C:/Users/fowlersp/Documents/ECE_211/final_project/RTL/clkdiv.sv] -no_script -reset -force -quiet
remove_files  C:/Users/fowlersp/Documents/ECE_211/final_project/RTL/clkdiv.sv
export_ip_user_files -of_objects  [get_files C:/Users/fowlersp/Documents/ECE_211/final_project/RTL/reaction_fsm.v] -no_script -reset -force -quiet
remove_files  C:/Users/fowlersp/Documents/ECE_211/final_project/RTL/reaction_fsm.v
export_ip_user_files -of_objects  [get_files C:/Users/fowlersp/Documents/ECE_211/final_project/RTL/time_count.sv] -no_script -reset -force -quiet
remove_files  C:/Users/fowlersp/Documents/ECE_211/final_project/RTL/time_count.sv
close [ open C:/Users/fowlersp/Documents/ECE_211/final_project/RTL/time_cnt.sv w ]
add_files C:/Users/fowlersp/Documents/ECE_211/final_project/RTL/time_cnt.sv
update_compile_order -fileset sources_1
close [ open C:/Users/fowlersp/Documents/ECE_211/final_project/RTL/reaction_fsm.sv w ]
add_files C:/Users/fowlersp/Documents/ECE_211/final_project/RTL/reaction_fsm.sv
update_compile_order -fileset sources_1
launch_simulation
Command: launch_simulation 
INFO: [Vivado 12-5682] Launching behavioral simulation in 'C:/Users/fowlersp/Documents/ECE_211/final_project/final_project.sim/sim_1/behav/xsim'
INFO: [SIM-utils-51] Simulation object is 'sim_1'
INFO: [SIM-utils-54] Inspecting design source files for 'heart_rate_top_tb' in fileset 'sim_1'...
INFO: [SIM-utils-43] Exported 'C:/Users/fowlersp/Documents/ECE_211/final_project/final_project.sim/sim_1/behav/xsim/add3_tb.mem'
INFO: [SIM-utils-43] Exported 'C:/Users/fowlersp/Documents/ECE_211/final_project/final_project.sim/sim_1/behav/xsim/average_tb_tv.mem'
INFO: [SIM-utils-43] Exported 'C:/Users/fowlersp/Documents/ECE_211/final_project/final_project.sim/sim_1/behav/xsim/binary_to_bcd_tb.mem'
INFO: [SIM-utils-43] Exported 'C:/Users/fowlersp/Documents/ECE_211/final_project/final_project.sim/sim_1/behav/xsim/add3_tb.mem'
INFO: [SIM-utils-43] Exported 'C:/Users/fowlersp/Documents/ECE_211/final_project/final_project.sim/sim_1/behav/xsim/average_tb_tv.mem'
INFO: [SIM-utils-43] Exported 'C:/Users/fowlersp/Documents/ECE_211/final_project/final_project.sim/sim_1/behav/xsim/binary_to_bcd_tb.mem'
INFO: [USF-XSim-97] Finding global include files...
INFO: [USF-XSim-98] Fetching design files from 'sim_1'...
INFO: [USF-XSim-2] XSim::Compile design
INFO: [USF-XSim-61] Executing 'COMPILE and ANALYZE' step in 'C:/Users/fowlersp/Documents/ECE_211/final_project/final_project.sim/sim_1/behav/xsim'
"xvlog --incr --relax -L uvm -prj heart_rate_top_tb_vlog.prj"
INFO: [USF-XSim-69] 'compile' step finished in '2' seconds
INFO: [USF-XSim-3] XSim::Elaborate design
INFO: [USF-XSim-61] Executing 'ELABORATE' step in 'C:/Users/fowlersp/Documents/ECE_211/final_project/final_project.sim/sim_1/behav/xsim'
"xelab -wto 9ed52bac0384435c9adeaf851a94a906 --incr --debug typical --relax --mt 2 -L xil_defaultlib -L uvm -L unisims_ver -L unimacro_ver -L secureip --snapshot heart_rate_top_tb_behav xil_defaultlib.heart_rate_top_tb xil_defaultlib.glbl -log elaborate.log"
Vivado Simulator 2020.2
Copyright 1986-1999, 2001-2020 Xilinx, Inc. All Rights Reserved.
Running: C:/Xilinx/Vivado/2020.2/bin/unwrapped/win64.o/xelab.exe -wto 9ed52bac0384435c9adeaf851a94a906 --incr --debug typical --relax --mt 2 -L xil_defaultlib -L uvm -L unisims_ver -L unimacro_ver -L secureip --snapshot heart_rate_top_tb_behav xil_defaultlib.heart_rate_top_tb xil_defaultlib.glbl -log elaborate.log 
Using 2 slave threads.
Starting static elaboration
Pass Through NonSizing Optimizer
Completed static elaboration
INFO: [XSIM 43-4323] No Change in HDL. Linking previously generated obj files to create kernel
INFO: [USF-XSim-69] 'elaborate' step finished in '1' seconds
INFO: [USF-XSim-4] XSim::Simulate design
INFO: [USF-XSim-61] Executing 'SIMULATE' step in 'C:/Users/fowlersp/Documents/ECE_211/final_project/final_project.sim/sim_1/behav/xsim'
INFO: [USF-XSim-98] *** Running xsim
   with args "heart_rate_top_tb_behav -key {Behavioral:sim_1:Functional:heart_rate_top_tb} -tclbatch {heart_rate_top_tb.tcl} -log {simulate.log}"
INFO: [USF-XSim-8] Loading simulator feature
Vivado Simulator 2020.2
Time resolution is 1 ps
source heart_rate_top_tb.tcl
# set curr_wave [current_wave_config]
# if { [string length $curr_wave] == 0 } {
#   if { [llength [get_objects]] > 0} {
#     add_wave /
#     set_property needs_save false [current_wave_config]
#   } else {
#      send_msg_id Add_Wave-1 WARNING "No top level signals found. Simulator will start without a wave window. If you want to open a wave window go to 'File->New Waveform Configuration' or type 'create_wave_config' in the TCL console."
#   }
# }
# run 1000ns
$stop called at time : 128 ns : File "C:/Users/fowlersp/Documents/ECE_211/final_project/Simulation/heart_rate_top_tb.sv" Line 150
INFO: [USF-XSim-96] XSim completed. Design snapshot 'heart_rate_top_tb_behav' loaded.
INFO: [USF-XSim-97] XSim simulation ran for 1000ns
launch_simulation: Time (s): cpu = 00:00:09 ; elapsed = 00:00:08 . Memory (MB): peak = 1079.980 ; gain = 0.000
close_sim
INFO: [Simtcl 6-16] Simulation closed
close_sim: Time (s): cpu = 00:00:03 ; elapsed = 00:00:06 . Memory (MB): peak = 1079.980 ; gain = 0.000
close [ open C:/Users/fowlersp/Documents/ECE_211/final_project/RTL/comparator.sv w ]
add_files C:/Users/fowlersp/Documents/ECE_211/final_project/RTL/comparator.sv
update_compile_order -fileset sources_1
export_ip_user_files -of_objects  [get_files C:/Users/fowlersp/Documents/ECE_211/final_project/RTL/comparator.sv] -no_script -reset -force -quiet
remove_files  C:/Users/fowlersp/Documents/ECE_211/final_project/RTL/comparator.sv
launch_simulation
Command: launch_simulation 
INFO: [Vivado 12-5682] Launching behavioral simulation in 'C:/Users/fowlersp/Documents/ECE_211/final_project/final_project.sim/sim_1/behav/xsim'
INFO: [SIM-utils-51] Simulation object is 'sim_1'
INFO: [SIM-utils-54] Inspecting design source files for 'heart_rate_top_tb' in fileset 'sim_1'...
INFO: [SIM-utils-43] Exported 'C:/Users/fowlersp/Documents/ECE_211/final_project/final_project.sim/sim_1/behav/xsim/add3_tb.mem'
INFO: [SIM-utils-43] Exported 'C:/Users/fowlersp/Documents/ECE_211/final_project/final_project.sim/sim_1/behav/xsim/average_tb_tv.mem'
INFO: [SIM-utils-43] Exported 'C:/Users/fowlersp/Documents/ECE_211/final_project/final_project.sim/sim_1/behav/xsim/binary_to_bcd_tb.mem'
INFO: [SIM-utils-43] Exported 'C:/Users/fowlersp/Documents/ECE_211/final_project/final_project.sim/sim_1/behav/xsim/add3_tb.mem'
INFO: [SIM-utils-43] Exported 'C:/Users/fowlersp/Documents/ECE_211/final_project/final_project.sim/sim_1/behav/xsim/average_tb_tv.mem'
INFO: [SIM-utils-43] Exported 'C:/Users/fowlersp/Documents/ECE_211/final_project/final_project.sim/sim_1/behav/xsim/binary_to_bcd_tb.mem'
INFO: [USF-XSim-97] Finding global include files...
INFO: [USF-XSim-98] Fetching design files from 'sim_1'...
INFO: [USF-XSim-2] XSim::Compile design
INFO: [USF-XSim-61] Executing 'COMPILE and ANALYZE' step in 'C:/Users/fowlersp/Documents/ECE_211/final_project/final_project.sim/sim_1/behav/xsim'
"xvlog --incr --relax -L uvm -prj heart_rate_top_tb_vlog.prj"
INFO: [USF-XSim-69] 'compile' step finished in '1' seconds
INFO: [USF-XSim-3] XSim::Elaborate design
INFO: [USF-XSim-61] Executing 'ELABORATE' step in 'C:/Users/fowlersp/Documents/ECE_211/final_project/final_project.sim/sim_1/behav/xsim'
"xelab -wto 9ed52bac0384435c9adeaf851a94a906 --incr --debug typical --relax --mt 2 -L xil_defaultlib -L uvm -L unisims_ver -L unimacro_ver -L secureip --snapshot heart_rate_top_tb_behav xil_defaultlib.heart_rate_top_tb xil_defaultlib.glbl -log elaborate.log"
Vivado Simulator 2020.2
Copyright 1986-1999, 2001-2020 Xilinx, Inc. All Rights Reserved.
Running: C:/Xilinx/Vivado/2020.2/bin/unwrapped/win64.o/xelab.exe -wto 9ed52bac0384435c9adeaf851a94a906 --incr --debug typical --relax --mt 2 -L xil_defaultlib -L uvm -L unisims_ver -L unimacro_ver -L secureip --snapshot heart_rate_top_tb_behav xil_defaultlib.heart_rate_top_tb xil_defaultlib.glbl -log elaborate.log 
Using 2 slave threads.
Starting static elaboration
Pass Through NonSizing Optimizer
Completed static elaboration
INFO: [XSIM 43-4323] No Change in HDL. Linking previously generated obj files to create kernel
INFO: [USF-XSim-69] 'elaborate' step finished in '2' seconds
INFO: [USF-XSim-4] XSim::Simulate design
INFO: [USF-XSim-61] Executing 'SIMULATE' step in 'C:/Users/fowlersp/Documents/ECE_211/final_project/final_project.sim/sim_1/behav/xsim'
INFO: [USF-XSim-98] *** Running xsim
   with args "heart_rate_top_tb_behav -key {Behavioral:sim_1:Functional:heart_rate_top_tb} -tclbatch {heart_rate_top_tb.tcl} -log {simulate.log}"
INFO: [USF-XSim-8] Loading simulator feature
Vivado Simulator 2020.2
Time resolution is 1 ps
source heart_rate_top_tb.tcl
# set curr_wave [current_wave_config]
# if { [string length $curr_wave] == 0 } {
#   if { [llength [get_objects]] > 0} {
#     add_wave /
#     set_property needs_save false [current_wave_config]
#   } else {
#      send_msg_id Add_Wave-1 WARNING "No top level signals found. Simulator will start without a wave window. If you want to open a wave window go to 'File->New Waveform Configuration' or type 'create_wave_config' in the TCL console."
#   }
# }
# run 1000ns
$stop called at time : 128 ns : File "C:/Users/fowlersp/Documents/ECE_211/final_project/Simulation/heart_rate_top_tb.sv" Line 150
INFO: [USF-XSim-96] XSim completed. Design snapshot 'heart_rate_top_tb_behav' loaded.
INFO: [USF-XSim-97] XSim simulation ran for 1000ns
launch_simulation: Time (s): cpu = 00:00:05 ; elapsed = 00:00:09 . Memory (MB): peak = 1082.508 ; gain = 2.277
run 10 us
run 10 us
run 10 us
run 10 us
restart
INFO: [Simtcl 6-17] Simulation restarted
run all
$stop called at time : 128 ns : File "C:/Users/fowlersp/Documents/ECE_211/final_project/Simulation/heart_rate_top_tb.sv" Line 150
run 10 us
close_sim
INFO: [Simtcl 6-16] Simulation closed
close [ open C:/Users/fowlersp/Documents/ECE_211/final_project/RTL/reaction_timer_top.sv w ]
add_files C:/Users/fowlersp/Documents/ECE_211/final_project/RTL/reaction_timer_top.sv
update_compile_order -fileset sources_1
exit
INFO: [Common 17-206] Exiting Vivado at Tue Nov 23 10:49:51 2021...
