#-----------------------------------------------------------
# Vivado v2020.2 (64-bit)
# SW Build 3064766 on Wed Nov 18 09:12:45 MST 2020
# IP Build 3064653 on Wed Nov 18 14:17:31 MST 2020
# Start of session at: Mon Nov 29 19:49:10 2021
# Process ID: 4504
# Current directory: C:/Users/fowlersp/Documents/ECE_211/Lab_6/Lab_6
# Command line: vivado.exe -gui_launcher_event rodinguilauncherevent12560 C:\Users\fowlersp\Documents\ECE_211\Lab_6\Lab_6\Lab_6.xpr
# Log file: C:/Users/fowlersp/Documents/ECE_211/Lab_6/Lab_6/vivado.log
# Journal file: C:/Users/fowlersp/Documents/ECE_211/Lab_6/Lab_6\vivado.jou
#-----------------------------------------------------------
start_gui
open_project C:/Users/fowlersp/Documents/ECE_211/Lab_6/Lab_6/Lab_6.xpr
INFO: [Project 1-313] Project file moved from 'C:/Users/horowitj/Documents/Lab_6' since last save.
WARNING: [filemgmt 56-2] Default IP Output Path : Could not find the directory 'C:/Users/fowlersp/Documents/ECE_211/Lab_6/Lab_6/Lab_6.gen/sources_1', nor could it be found using path 'C:/Users/horowitj/Documents/Lab_6/Lab_6.gen/sources_1'.
Scanning sources...
Finished scanning sources
INFO: [IP_Flow 19-234] Refreshing IP repositories
INFO: [IP_Flow 19-1704] No user IP repositories specified
INFO: [IP_Flow 19-2313] Loaded Vivado IP repository 'C:/Xilinx/Vivado/2020.2/data/ip'.
open_project: Time (s): cpu = 00:00:19 ; elapsed = 00:00:09 . Memory (MB): peak = 1088.629 ; gain = 0.000
update_compile_order -fileset sources_1
exit
INFO: [Common 17-206] Exiting Vivado at Mon Nov 29 19:49:54 2021...
