#-----------------------------------------------------------
# Vivado v2020.2 (64-bit)
# SW Build 3064766 on Wed Nov 18 09:12:45 MST 2020
# IP Build 3064653 on Wed Nov 18 14:17:31 MST 2020
# Start of session at: Mon Nov 29 19:50:28 2021
# Process ID: 5288
# Current directory: C:/Users/fowlersp/Documents/ECE_211/lab_4/lab_4
# Command line: vivado.exe -gui_launcher_event rodinguilauncherevent8268 C:\Users\fowlersp\Documents\ECE_211\lab_4\lab_4\lab_4.xpr
# Log file: C:/Users/fowlersp/Documents/ECE_211/lab_4/lab_4/vivado.log
# Journal file: C:/Users/fowlersp/Documents/ECE_211/lab_4/lab_4\vivado.jou
#-----------------------------------------------------------
start_gui
open_project C:/Users/fowlersp/Documents/ECE_211/lab_4/lab_4/lab_4.xpr
INFO: [Project 1-313] Project file moved from 'C:/Users/horowitj/Documents/lab_4' since last save.
WARNING: [filemgmt 56-2] Default IP Output Path : Could not find the directory 'C:/Users/fowlersp/Documents/ECE_211/lab_4/lab_4/lab_4.gen/sources_1', nor could it be found using path 'C:/Users/horowitj/Documents/lab_4/lab_4.gen/sources_1'.
CRITICAL WARNING: [Project 1-311] Could not find the file 'C:/Users/fowlersp/Documents/ECE_211/lab_4/lab_4/lab_4.srcs/sources_1/new/sevenseg_hex.sv', nor could it be found using path 'C:/Users/horowitj/Documents/lab_4/lab_4.srcs/sources_1/new/sevenseg_hex.sv'.
Scanning sources...
Finished scanning sources
INFO: [IP_Flow 19-234] Refreshing IP repositories
INFO: [IP_Flow 19-1704] No user IP repositories specified
INFO: [IP_Flow 19-2313] Loaded Vivado IP repository 'C:/Xilinx/Vivado/2020.2/data/ip'.
open_project: Time (s): cpu = 00:00:21 ; elapsed = 00:00:10 . Memory (MB): peak = 1088.957 ; gain = 0.000
update_compile_order -fileset sources_1
exit
INFO: [Common 17-206] Exiting Vivado at Mon Nov 29 19:53:40 2021...
